<?xml version="1.0" encoding="UTF-8"?>
<!-- Generated by org.testng.reporters.JUnitReportReporter -->
<testsuite hostname="DESKTOP-I6MKJFC" failures="0" tests="2" name="testngProgarmPackage.CoursesPage" time="15.001" errors="0" timestamp="2022-05-27T13:01:24 GMT-04:00" skipped="0">
  <testcase classname="testngProgarmPackage.CoursesPage" name="allCourses" time="0.114"/>
  <system-out/>
  <testcase classname="testngProgarmPackage.CoursesPage" name="selectCourses" time="14.887"/>
  <system-out/>
</testsuite> <!-- testngProgarmPackage.CoursesPage -->
