<?xml version="1.0" encoding="UTF-8"?>
<!-- Generated by org.testng.reporters.JUnitReportReporter -->
<testsuite hostname="DESKTOP-I6MKJFC" failures="0" tests="4" name="testngProgarmPackage.ProfileDetails" time="18.687" errors="0" timestamp="2022-05-27T11:56:22 GMT-04:00" skipped="0">
  <testcase classname="testngProgarmPackage.ProfileDetails" name="loginClick" time="1.966"/>
  <system-out/>
  <testcase classname="testngProgarmPackage.ProfileDetails" name="passCredentials" time="7.235"/>
  <system-out/>
  <testcase classname="testngProgarmPackage.ProfileDetails" name="subscriptions" time="7.552"/>
  <system-out/>
  <testcase classname="testngProgarmPackage.ProfileDetails" name="profile" time="1.934"/>
  <system-out/>
</testsuite> <!-- testngProgarmPackage.ProfileDetails -->
