<?xml version="1.0" encoding="UTF-8"?>
<!-- Generated by org.testng.reporters.JUnitReportReporter -->
<testsuite hostname="DESKTOP-I6MKJFC" failures="0" tests="2" name="testngProgarmPackage.FilterAcadmey" time="9.368" errors="0" timestamp="2022-05-27T08:24:10 GMT-04:00" skipped="0">
  <testcase classname="testngProgarmPackage.FilterAcadmey" name="freeCourses" time="9.190"/>
  <system-out/>
  <testcase classname="testngProgarmPackage.FilterAcadmey" name="checkCourses" time="0.178"/>
  <system-out/>
</testsuite> <!-- testngProgarmPackage.FilterAcadmey -->
