<?xml version="1.0" encoding="UTF-8"?>
<!-- Generated by org.testng.reporters.JUnitReportReporter -->
<testsuite hostname="DESKTOP-I6MKJFC" failures="0" tests="4" name="testngProgarmPackage.NavigateHeaders" time="31.579" errors="0" timestamp="2022-05-27T08:00:03 GMT-04:00" skipped="0">
  <testcase classname="testngProgarmPackage.NavigateHeaders" name="freeCourses" time="11.439"/>
  <system-out/>
  <testcase classname="testngProgarmPackage.NavigateHeaders" name="onlineClasses" time="5.341"/>
  <system-out/>
  <testcase classname="testngProgarmPackage.NavigateHeaders" name="blog" time="5.618"/>
  <system-out/>
  <testcase classname="testngProgarmPackage.NavigateHeaders" name="jobs" time="9.181"/>
  <system-out/>
</testsuite> <!-- testngProgarmPackage.NavigateHeaders -->
