<?xml version="1.0" encoding="UTF-8"?>
<!-- Generated by org.testng.reporters.JUnitReportReporter -->
<testsuite hostname="DESKTOP-I6MKJFC" failures="0" tests="3" name="testngProgarmPackage.LoginPage" time="14.770" errors="0" timestamp="2022-05-27T06:52:42 GMT-04:00" skipped="0">
  <testcase classname="testngProgarmPackage.LoginPage" name="passCredentials" time="4.733"/>
  <system-out/>
  <testcase classname="testngProgarmPackage.LoginPage" name="loginClick" time="9.988"/>
  <system-out/>
  <testcase classname="testngProgarmPackage.LoginPage" name="checkMainPage" time="0.049"/>
  <system-out/>
</testsuite> <!-- testngProgarmPackage.LoginPage -->
